2025-05-16 02:06:10,318 - __main__ - INFO - Starting TankLens Data Sync Server
2025-05-16 02:06:10,383 - __main__ - INFO - Firebase initialized successfully
2025-05-16 02:06:10,423 - apscheduler.scheduler - INFO - Adding job tentatively -- it will be properly scheduled when the scheduler starts
2025-05-16 02:06:10,546 - apscheduler.scheduler - INFO - Adding job tentatively -- it will be properly scheduled when the scheduler starts
2025-05-16 02:06:10,548 - apscheduler.scheduler - INFO - Added job "Sync tank data from RTDB to Firestore" to job store "default"
2025-05-16 02:06:10,548 - apscheduler.scheduler - INFO - Added job "Initial tank data sync" to job store "default"
2025-05-16 02:06:10,550 - apscheduler.scheduler - INFO - Scheduler started
2025-05-16 02:06:10,560 - __main__ - INFO - Scheduler started. Synchronization will occur every hour.
2025-05-16 02:06:10,561 - apscheduler.executors.default - INFO - Running job "Initial tank data sync (trigger: date[2025-05-16 02:06:10 IST], next run at: 2025-05-16 02:06:10 IST)" (scheduled at 2025-05-16 02:06:10.423980+05:30)
2025-05-16 02:06:10,562 - apscheduler.scheduler - INFO - Removed job initial_sync
2025-05-16 02:06:10,562 - __main__ - INFO - Starting tank data synchronization
2025-05-16 02:06:11,018 - __main__ - INFO - Found 1 devices with owner access
2025-05-16 02:06:11,018 - __main__ - INFO - Processing device: DEV_01
2025-05-16 02:06:11,018 - __main__ - ERROR - Error processing device DEV_01: Invalid database URL: "None". Database URL must be a non-empty URL string.
2025-05-16 02:06:11,018 - __main__ - INFO - Completed synchronization. Processed 0/1 devices successfully
2025-05-16 02:06:11,018 - apscheduler.executors.default - INFO - Job "Initial tank data sync (trigger: date[2025-05-16 02:06:10 IST], next run at: 2025-05-16 02:06:10 IST)" executed successfully
2025-05-16 02:11:01,660 - apscheduler.scheduler - INFO - Scheduler has been shut down
2025-05-16 02:11:01,664 - __main__ - INFO - Scheduler shut down. Exiting application.
2025-05-16 02:11:04,535 - __main__ - INFO - Starting TankLens Data Sync Server
2025-05-16 02:11:04,567 - __main__ - INFO - Firebase initialized successfully
2025-05-16 02:11:04,567 - apscheduler.scheduler - INFO - Adding job tentatively -- it will be properly scheduled when the scheduler starts
2025-05-16 02:11:04,667 - apscheduler.scheduler - INFO - Adding job tentatively -- it will be properly scheduled when the scheduler starts
2025-05-16 02:11:04,667 - apscheduler.scheduler - INFO - Added job "Sync tank data from RTDB to Firestore" to job store "default"
2025-05-16 02:11:04,667 - apscheduler.scheduler - INFO - Added job "Initial tank data sync" to job store "default"
2025-05-16 02:11:04,667 - apscheduler.scheduler - INFO - Scheduler started
2025-05-16 02:11:04,670 - __main__ - INFO - Scheduler started. Synchronization will occur every hour.
2025-05-16 02:11:04,670 - apscheduler.executors.default - INFO - Running job "Initial tank data sync (trigger: date[2025-05-16 02:11:04 IST], next run at: 2025-05-16 02:11:04 IST)" (scheduled at 2025-05-16 02:11:04.567997+05:30)
2025-05-16 02:11:04,672 - apscheduler.scheduler - INFO - Removed job initial_sync
2025-05-16 02:11:04,672 - __main__ - INFO - Starting tank data synchronization
2025-05-16 02:11:05,065 - __main__ - INFO - Found 1 devices with owner access
2025-05-16 02:11:05,069 - __main__ - INFO - Processing device: DEV_01
2025-05-16 02:11:05,833 - __main__ - ERROR - Error processing device DEV_01: Database lives in a different region. Please change your database URL to https://tanklens-default-rtdb.asia-southeast1.firebasedatabase.app
2025-05-16 02:11:05,837 - __main__ - INFO - Completed synchronization. Processed 0/1 devices successfully
2025-05-16 02:11:05,837 - apscheduler.executors.default - INFO - Job "Initial tank data sync (trigger: date[2025-05-16 02:11:04 IST], next run at: 2025-05-16 02:11:04 IST)" executed successfully
2025-05-16 02:12:08,465 - apscheduler.scheduler - INFO - Scheduler has been shut down
2025-05-16 02:12:08,465 - __main__ - INFO - Scheduler shut down. Exiting application.
2025-05-16 02:12:11,512 - __main__ - INFO - Starting TankLens Data Sync Server
2025-05-16 02:12:11,573 - __main__ - INFO - Firebase initialized successfully
2025-05-16 02:12:11,581 - apscheduler.scheduler - INFO - Adding job tentatively -- it will be properly scheduled when the scheduler starts
2025-05-16 02:12:11,701 - apscheduler.scheduler - INFO - Adding job tentatively -- it will be properly scheduled when the scheduler starts
2025-05-16 02:12:11,701 - apscheduler.scheduler - INFO - Added job "Sync tank data from RTDB to Firestore" to job store "default"
2025-05-16 02:12:11,701 - apscheduler.scheduler - INFO - Added job "Initial tank data sync" to job store "default"
2025-05-16 02:12:11,701 - apscheduler.scheduler - INFO - Scheduler started
2025-05-16 02:12:11,701 - __main__ - INFO - Scheduler started. Synchronization will occur every hour.
2025-05-16 02:12:11,701 - apscheduler.executors.default - INFO - Running job "Initial tank data sync (trigger: date[2025-05-16 02:12:11 IST], next run at: 2025-05-16 02:12:11 IST)" (scheduled at 2025-05-16 02:12:11.581269+05:30)
2025-05-16 02:12:11,701 - apscheduler.scheduler - INFO - Removed job initial_sync
2025-05-16 02:12:11,701 - __main__ - INFO - Starting tank data synchronization
2025-05-16 02:12:12,078 - __main__ - INFO - Found 1 devices with owner access
2025-05-16 02:12:12,078 - __main__ - INFO - Processing device: DEV_01
2025-05-16 02:12:12,691 - __main__ - INFO - Successfully updated Firestore for device: DEV_01
2025-05-16 02:12:12,691 - __main__ - INFO - Completed synchronization. Processed 1/1 devices successfully
2025-05-16 02:12:12,691 - apscheduler.executors.default - INFO - Job "Initial tank data sync (trigger: date[2025-05-16 02:12:11 IST], next run at: 2025-05-16 02:12:11 IST)" executed successfully
2025-05-16 03:00:00,017 - apscheduler.executors.default - INFO - Running job "Sync tank data from RTDB to Firestore (trigger: cron[minute='0'], next run at: 2025-05-16 04:00:00 IST)" (scheduled at 2025-05-16 03:00:00+05:30)
2025-05-16 03:00:00,021 - __main__ - INFO - Starting tank data synchronization
2025-05-16 03:00:00,132 - __main__ - INFO - Found 1 devices with owner access
2025-05-16 03:00:00,136 - __main__ - INFO - Processing device: DEV_01
2025-05-16 03:00:00,604 - __main__ - INFO - Successfully updated Firestore for device: DEV_01
2025-05-16 03:00:00,612 - __main__ - INFO - Completed synchronization. Processed 1/1 devices successfully
2025-05-16 03:00:00,612 - apscheduler.executors.default - INFO - Job "Sync tank data from RTDB to Firestore (trigger: cron[minute='0'], next run at: 2025-05-16 04:00:00 IST)" executed successfully
2025-05-16 07:40:41,848 - apscheduler.executors.default - WARNING - Run time of job "Sync tank data from RTDB to Firestore (trigger: cron[minute='0'], next run at: 2025-05-16 08:00:00 IST)" was missed by 0:40:41.848383
2025-05-16 07:58:27,392 - apscheduler.scheduler - INFO - Scheduler has been shut down
2025-05-16 07:58:27,393 - __main__ - INFO - Scheduler shut down. Exiting application.
2025-07-27 12:42:01,148 - __main__ - INFO - Starting TankLens Data Sync Server
2025-07-27 12:42:01,179 - __main__ - INFO - Firebase initialized successfully
2025-07-27 12:42:01,182 - apscheduler.scheduler - INFO - Adding job tentatively -- it will be properly scheduled when the scheduler starts
2025-07-27 12:42:01,188 - apscheduler.scheduler - INFO - Adding job tentatively -- it will be properly scheduled when the scheduler starts
2025-07-27 12:42:01,189 - apscheduler.scheduler - INFO - Added job "Sync tank data from RTDB to Firestore" to job store "default"
2025-07-27 12:42:01,189 - apscheduler.scheduler - INFO - Added job "Initial tank data sync" to job store "default"
2025-07-27 12:42:01,189 - apscheduler.scheduler - INFO - Scheduler started
2025-07-27 12:42:01,189 - __main__ - INFO - Scheduler started. Synchronization will occur every hour.
2025-07-27 12:42:01,189 - apscheduler.executors.default - INFO - Running job "Initial tank data sync (trigger: date[2025-07-27 12:42:01 IST], next run at: 2025-07-27 12:42:01 IST)" (scheduled at 2025-07-27 12:42:01.182499+05:30)
2025-07-27 12:42:01,190 - apscheduler.scheduler - INFO - Removed job initial_sync
2025-07-27 12:42:01,190 - __main__ - INFO - Starting tank data synchronization
2025-07-27 12:42:01,629 - __main__ - INFO - Found 1 devices with owner access
2025-07-27 12:42:01,629 - __main__ - INFO - Processing device: DEV_01
2025-07-27 12:42:02,252 - __main__ - INFO - Successfully updated Firestore for device: DEV_01
2025-07-27 12:42:02,252 - __main__ - INFO - Completed synchronization. Processed 1/1 devices successfully
2025-07-27 12:42:02,252 - apscheduler.executors.default - INFO - Job "Initial tank data sync (trigger: date[2025-07-27 12:42:01 IST], next run at: 2025-07-27 12:42:01 IST)" executed successfully
2025-07-27 12:48:06,431 - apscheduler.scheduler - INFO - Scheduler has been shut down
2025-07-27 12:48:06,431 - __main__ - INFO - Scheduler shut down. Exiting application.
2025-07-27 12:48:08,249 - __main__ - INFO - Starting TankLens Data Sync Server
2025-07-27 12:48:08,277 - __main__ - INFO - Firebase initialized successfully
2025-07-27 12:48:08,278 - apscheduler.scheduler - INFO - Adding job tentatively -- it will be properly scheduled when the scheduler starts
2025-07-27 12:48:08,284 - apscheduler.scheduler - INFO - Adding job tentatively -- it will be properly scheduled when the scheduler starts
2025-07-27 12:48:08,285 - apscheduler.scheduler - INFO - Added job "Sync tank data from RTDB to Firestore" to job store "default"
2025-07-27 12:48:08,285 - apscheduler.scheduler - INFO - Added job "Initial tank data sync" to job store "default"
2025-07-27 12:48:08,285 - apscheduler.scheduler - INFO - Scheduler started
2025-07-27 12:48:08,285 - __main__ - INFO - Scheduler started. Synchronization will occur every 30 minutes.
2025-07-27 12:48:08,285 - apscheduler.executors.default - INFO - Running job "Initial tank data sync (trigger: date[2025-07-27 12:48:08 IST], next run at: 2025-07-27 12:48:08 IST)" (scheduled at 2025-07-27 12:48:08.278197+05:30)
2025-07-27 12:48:08,286 - apscheduler.scheduler - INFO - Removed job initial_sync
2025-07-27 12:48:08,286 - __main__ - INFO - Starting tank data synchronization
2025-07-27 12:48:08,675 - __main__ - INFO - Found 1 devices with owner access
2025-07-27 12:48:08,675 - __main__ - INFO - Processing device: DEV_01
2025-07-27 12:48:09,059 - __main__ - INFO - Successfully updated Firestore for device: DEV_01
2025-07-27 12:48:09,059 - __main__ - INFO - Completed synchronization. Processed 1/1 devices successfully
2025-07-27 12:48:09,060 - apscheduler.executors.default - INFO - Job "Initial tank data sync (trigger: date[2025-07-27 12:48:08 IST], next run at: 2025-07-27 12:48:08 IST)" executed successfully
2025-07-27 13:00:00,001 - apscheduler.executors.default - INFO - Running job "Sync tank data from RTDB to Firestore (trigger: cron[minute='0,30'], next run at: 2025-07-27 13:30:00 IST)" (scheduled at 2025-07-27 13:00:00+05:30)
2025-07-27 13:00:00,001 - __main__ - INFO - Starting tank data synchronization
2025-07-27 13:00:00,082 - __main__ - INFO - Found 1 devices with owner access
2025-07-27 13:00:00,082 - __main__ - INFO - Processing device: DEV_01
2025-07-27 13:00:00,684 - __main__ - INFO - Successfully updated Firestore for device: DEV_01
2025-07-27 13:00:00,684 - __main__ - INFO - Completed synchronization. Processed 1/1 devices successfully
2025-07-27 13:00:00,684 - apscheduler.executors.default - INFO - Job "Sync tank data from RTDB to Firestore (trigger: cron[minute='0,30'], next run at: 2025-07-27 13:30:00 IST)" executed successfully
2025-07-27 13:04:40,219 - apscheduler.scheduler - INFO - Scheduler has been shut down
2025-07-27 13:04:40,220 - __main__ - INFO - Scheduler shut down. Exiting application.
2025-07-27 13:04:41,736 - __main__ - INFO - Starting TankLens Data Sync Server
2025-07-27 13:04:41,770 - __main__ - INFO - Firebase initialized successfully
2025-07-27 13:04:41,773 - apscheduler.scheduler - INFO - Adding job tentatively -- it will be properly scheduled when the scheduler starts
2025-07-27 13:04:41,780 - apscheduler.scheduler - INFO - Adding job tentatively -- it will be properly scheduled when the scheduler starts
2025-07-27 13:04:41,780 - apscheduler.scheduler - INFO - Added job "Sync tank data from RTDB to Firestore" to job store "default"
2025-07-27 13:04:41,781 - apscheduler.scheduler - INFO - Added job "Initial tank data sync" to job store "default"
2025-07-27 13:04:41,781 - apscheduler.scheduler - INFO - Scheduler started
2025-07-27 13:04:41,781 - __main__ - INFO - Scheduler started. Synchronization will occur every 30 minutes.
2025-07-27 13:04:41,781 - apscheduler.executors.default - INFO - Running job "Initial tank data sync (trigger: date[2025-07-27 13:04:41 IST], next run at: 2025-07-27 13:04:41 IST)" (scheduled at 2025-07-27 13:04:41.773796+05:30)
2025-07-27 13:04:41,781 - apscheduler.scheduler - INFO - Removed job initial_sync
2025-07-27 13:04:41,782 - __main__ - INFO - Starting tank data synchronization
2025-07-27 13:04:42,090 - __main__ - INFO - Found 1 devices with owner access
2025-07-27 13:04:42,091 - __main__ - INFO - Processing device: DEV_01
2025-07-27 13:04:42,417 - __main__ - INFO - Successfully updated Firestore for device: DEV_01
2025-07-27 13:04:42,417 - __main__ - INFO - Completed synchronization. Processed 1/1 devices successfully
2025-07-27 13:04:42,417 - apscheduler.executors.default - INFO - Job "Initial tank data sync (trigger: date[2025-07-27 13:04:41 IST], next run at: 2025-07-27 13:04:41 IST)" executed successfully
2025-07-27 13:08:14,982 - apscheduler.scheduler - INFO - Scheduler has been shut down
2025-07-27 13:08:14,983 - __main__ - INFO - Scheduler shut down. Exiting application.
2025-07-27 13:08:16,336 - __main__ - INFO - Starting TankLens Data Sync Server
2025-07-27 13:08:16,363 - __main__ - INFO - Firebase initialized successfully
2025-07-27 13:08:16,364 - apscheduler.scheduler - INFO - Adding job tentatively -- it will be properly scheduled when the scheduler starts
2025-07-27 13:08:16,370 - apscheduler.scheduler - INFO - Adding job tentatively -- it will be properly scheduled when the scheduler starts
2025-07-27 13:08:16,371 - apscheduler.scheduler - INFO - Added job "Sync tank data from RTDB to Firestore" to job store "default"
2025-07-27 13:08:16,371 - apscheduler.scheduler - INFO - Added job "Initial tank data sync" to job store "default"
2025-07-27 13:08:16,371 - apscheduler.scheduler - INFO - Scheduler started
2025-07-27 13:08:16,371 - __main__ - INFO - Scheduler started. Synchronization will occur every 10 minutes.
2025-07-27 13:08:16,371 - apscheduler.executors.default - INFO - Running job "Initial tank data sync (trigger: date[2025-07-27 13:08:16 IST], next run at: 2025-07-27 13:08:16 IST)" (scheduled at 2025-07-27 13:08:16.364771+05:30)
2025-07-27 13:08:16,372 - apscheduler.scheduler - INFO - Removed job initial_sync
2025-07-27 13:08:16,372 - __main__ - INFO - Starting tank data synchronization
2025-07-27 13:08:16,762 - __main__ - INFO - Found 1 devices with owner access
2025-07-27 13:08:16,762 - __main__ - INFO - Processing device: DEV_01
2025-07-27 13:08:17,119 - __main__ - INFO - Successfully updated Firestore for device: DEV_01
2025-07-27 13:08:17,119 - __main__ - INFO - Completed synchronization. Processed 1/1 devices successfully
2025-07-27 13:08:17,119 - apscheduler.executors.default - INFO - Job "Initial tank data sync (trigger: date[2025-07-27 13:08:16 IST], next run at: 2025-07-27 13:08:16 IST)" executed successfully
2025-07-27 13:10:00,001 - apscheduler.executors.default - INFO - Running job "Sync tank data from RTDB to Firestore (trigger: cron[minute='*/10'], next run at: 2025-07-27 13:20:00 IST)" (scheduled at 2025-07-27 13:10:00+05:30)
2025-07-27 13:10:00,001 - __main__ - INFO - Starting tank data synchronization
2025-07-27 13:10:00,052 - __main__ - INFO - Found 1 devices with owner access
2025-07-27 13:10:00,053 - __main__ - INFO - Processing device: DEV_01
2025-07-27 13:10:00,355 - __main__ - INFO - Successfully updated Firestore for device: DEV_01
2025-07-27 13:10:00,355 - __main__ - INFO - Completed synchronization. Processed 1/1 devices successfully
2025-07-27 13:10:00,361 - apscheduler.executors.default - INFO - Job "Sync tank data from RTDB to Firestore (trigger: cron[minute='*/10'], next run at: 2025-07-27 13:20:00 IST)" executed successfully
2025-07-27 13:20:00,001 - apscheduler.executors.default - INFO - Running job "Sync tank data from RTDB to Firestore (trigger: cron[minute='*/10'], next run at: 2025-07-27 13:30:00 IST)" (scheduled at 2025-07-27 13:20:00+05:30)
2025-07-27 13:20:00,001 - __main__ - INFO - Starting tank data synchronization
2025-07-27 13:20:00,088 - __main__ - INFO - Found 1 devices with owner access
2025-07-27 13:20:00,089 - __main__ - INFO - Processing device: DEV_01
2025-07-27 13:20:00,427 - __main__ - INFO - Successfully updated Firestore for device: DEV_01
2025-07-27 13:20:00,427 - __main__ - INFO - Completed synchronization. Processed 1/1 devices successfully
2025-07-27 13:20:00,427 - apscheduler.executors.default - INFO - Job "Sync tank data from RTDB to Firestore (trigger: cron[minute='*/10'], next run at: 2025-07-27 13:30:00 IST)" executed successfully
2025-07-27 13:23:55,147 - apscheduler.scheduler - INFO - Scheduler has been shut down
2025-07-27 13:23:55,148 - __main__ - INFO - Scheduler shut down. Exiting application.
2025-07-27 13:23:56,396 - __main__ - INFO - Starting TankLens Data Sync Server
2025-07-27 13:23:56,423 - __main__ - INFO - Firebase initialized successfully
2025-07-27 13:23:56,424 - apscheduler.scheduler - INFO - Adding job tentatively -- it will be properly scheduled when the scheduler starts
2025-07-27 13:23:56,430 - apscheduler.scheduler - INFO - Adding job tentatively -- it will be properly scheduled when the scheduler starts
2025-07-27 13:23:56,430 - apscheduler.scheduler - INFO - Added job "Sync tank data from RTDB to Firestore" to job store "default"
2025-07-27 13:23:56,430 - apscheduler.scheduler - INFO - Added job "Initial tank data sync" to job store "default"
2025-07-27 13:23:56,430 - apscheduler.scheduler - INFO - Scheduler started
2025-07-27 13:23:56,431 - __main__ - INFO - Scheduler started. Synchronization will occur every 10 minutes.
2025-07-27 13:23:56,431 - apscheduler.executors.default - INFO - Running job "Initial tank data sync (trigger: date[2025-07-27 13:23:56 IST], next run at: 2025-07-27 13:23:56 IST)" (scheduled at 2025-07-27 13:23:56.424129+05:30)
2025-07-27 13:23:56,431 - __main__ - INFO - Starting tank data synchronization
2025-07-27 13:23:56,431 - apscheduler.scheduler - INFO - Removed job initial_sync
2025-07-27 13:23:56,833 - __main__ - INFO - Found 1 devices with owner access
2025-07-27 13:23:56,833 - __main__ - INFO - Processing device: DEV_01
2025-07-27 13:23:57,149 - __main__ - INFO - Successfully updated Firestore for device: DEV_01
2025-07-27 13:23:57,149 - __main__ - INFO - Completed synchronization. Processed 1/1 devices successfully
2025-07-27 13:23:57,149 - apscheduler.executors.default - INFO - Job "Initial tank data sync (trigger: date[2025-07-27 13:23:56 IST], next run at: 2025-07-27 13:23:56 IST)" executed successfully
2025-07-27 13:25:15,320 - apscheduler.scheduler - INFO - Scheduler has been shut down
2025-07-27 13:25:15,320 - __main__ - INFO - Scheduler shut down. Exiting application.
2025-07-27 13:25:17,569 - __main__ - INFO - Starting TankLens Data Sync Server
2025-07-27 13:25:17,597 - __main__ - INFO - Firebase initialized successfully
2025-07-27 13:25:17,597 - apscheduler.scheduler - INFO - Adding job tentatively -- it will be properly scheduled when the scheduler starts
2025-07-27 13:25:17,604 - apscheduler.scheduler - INFO - Adding job tentatively -- it will be properly scheduled when the scheduler starts
2025-07-27 13:25:17,604 - apscheduler.scheduler - INFO - Added job "Sync tank data from RTDB to Firestore" to job store "default"
2025-07-27 13:25:17,604 - apscheduler.scheduler - INFO - Added job "Initial tank data sync" to job store "default"
2025-07-27 13:25:17,604 - apscheduler.scheduler - INFO - Scheduler started
2025-07-27 13:25:17,605 - __main__ - INFO - Scheduler started. Synchronization will occur every 10 minutes.
2025-07-27 13:25:17,605 - apscheduler.executors.default - INFO - Running job "Initial tank data sync (trigger: date[2025-07-27 13:25:17 IST], next run at: 2025-07-27 13:25:17 IST)" (scheduled at 2025-07-27 13:25:17.597995+05:30)
2025-07-27 13:25:17,605 - apscheduler.scheduler - INFO - Removed job initial_sync
2025-07-27 13:25:17,606 - __main__ - INFO - Starting tank data synchronization
2025-07-27 13:25:17,989 - __main__ - INFO - Found 2 devices with owner access
2025-07-27 13:25:17,990 - __main__ - INFO - Processing device: DEV_012
2025-07-27 13:25:18,314 - __main__ - INFO - Successfully updated Firestore for device: DEV_012
2025-07-27 13:25:18,314 - __main__ - INFO - Processing device: DEV_01
2025-07-27 13:25:18,537 - __main__ - INFO - Successfully updated Firestore for device: DEV_01
2025-07-27 13:25:18,537 - __main__ - INFO - Completed synchronization. Processed 2/2 devices successfully
2025-07-27 13:25:18,538 - apscheduler.executors.default - INFO - Job "Initial tank data sync (trigger: date[2025-07-27 13:25:17 IST], next run at: 2025-07-27 13:25:17 IST)" executed successfully
2025-07-27 13:30:00,001 - apscheduler.executors.default - INFO - Running job "Sync tank data from RTDB to Firestore (trigger: cron[minute='*/10'], next run at: 2025-07-27 13:40:00 IST)" (scheduled at 2025-07-27 13:30:00+05:30)
2025-07-27 13:30:00,001 - __main__ - INFO - Starting tank data synchronization
2025-07-27 13:30:00,068 - __main__ - INFO - Found 1 devices with owner access
2025-07-27 13:30:00,069 - __main__ - INFO - Processing device: DEV_012
2025-07-27 13:30:00,386 - __main__ - INFO - Successfully updated Firestore for device: DEV_012
2025-07-27 13:30:00,386 - __main__ - INFO - Completed synchronization. Processed 1/1 devices successfully
2025-07-27 13:30:00,386 - apscheduler.executors.default - INFO - Job "Sync tank data from RTDB to Firestore (trigger: cron[minute='*/10'], next run at: 2025-07-27 13:40:00 IST)" executed successfully
2025-07-27 13:40:00,001 - apscheduler.executors.default - INFO - Running job "Sync tank data from RTDB to Firestore (trigger: cron[minute='*/10'], next run at: 2025-07-27 13:50:00 IST)" (scheduled at 2025-07-27 13:40:00+05:30)
2025-07-27 13:40:00,001 - __main__ - INFO - Starting tank data synchronization
2025-07-27 13:40:00,079 - __main__ - INFO - Found 1 devices with owner access
2025-07-27 13:40:00,079 - __main__ - INFO - Processing device: DEV_012
2025-07-27 13:40:00,417 - __main__ - INFO - Successfully updated Firestore for device: DEV_012
2025-07-27 13:40:00,417 - __main__ - INFO - Completed synchronization. Processed 1/1 devices successfully
2025-07-27 13:40:00,418 - apscheduler.executors.default - INFO - Job "Sync tank data from RTDB to Firestore (trigger: cron[minute='*/10'], next run at: 2025-07-27 13:50:00 IST)" executed successfully
2025-07-27 13:50:00,000 - apscheduler.executors.default - INFO - Running job "Sync tank data from RTDB to Firestore (trigger: cron[minute='*/10'], next run at: 2025-07-27 14:00:00 IST)" (scheduled at 2025-07-27 13:50:00+05:30)
2025-07-27 13:50:00,001 - __main__ - INFO - Starting tank data synchronization
2025-07-27 13:50:00,096 - __main__ - INFO - Found 1 devices with owner access
2025-07-27 13:50:00,096 - __main__ - INFO - Processing device: DEV_012
2025-07-27 13:50:00,434 - __main__ - INFO - Successfully updated Firestore for device: DEV_012
2025-07-27 13:50:00,434 - __main__ - INFO - Completed synchronization. Processed 1/1 devices successfully
2025-07-27 13:50:00,434 - apscheduler.executors.default - INFO - Job "Sync tank data from RTDB to Firestore (trigger: cron[minute='*/10'], next run at: 2025-07-27 14:00:00 IST)" executed successfully
2025-07-27 14:00:00,000 - apscheduler.executors.default - INFO - Running job "Sync tank data from RTDB to Firestore (trigger: cron[minute='*/10'], next run at: 2025-07-27 14:10:00 IST)" (scheduled at 2025-07-27 14:00:00+05:30)
2025-07-27 14:00:00,001 - __main__ - INFO - Starting tank data synchronization
2025-07-27 14:00:00,078 - __main__ - INFO - Found 1 devices with owner access
2025-07-27 14:00:00,078 - __main__ - INFO - Processing device: DEV_012
2025-07-27 14:00:00,439 - __main__ - INFO - Successfully updated Firestore for device: DEV_012
2025-07-27 14:00:00,439 - __main__ - INFO - Completed synchronization. Processed 1/1 devices successfully
2025-07-27 14:00:00,439 - apscheduler.executors.default - INFO - Job "Sync tank data from RTDB to Firestore (trigger: cron[minute='*/10'], next run at: 2025-07-27 14:10:00 IST)" executed successfully
2025-07-27 14:10:00,000 - apscheduler.executors.default - INFO - Running job "Sync tank data from RTDB to Firestore (trigger: cron[minute='*/10'], next run at: 2025-07-27 14:20:00 IST)" (scheduled at 2025-07-27 14:10:00+05:30)
2025-07-27 14:10:00,001 - __main__ - INFO - Starting tank data synchronization
2025-07-27 14:10:00,095 - __main__ - INFO - Found 1 devices with owner access
2025-07-27 14:10:00,095 - __main__ - INFO - Processing device: DEV_012
2025-07-27 14:10:00,421 - __main__ - INFO - Successfully updated Firestore for device: DEV_012
2025-07-27 14:10:00,422 - __main__ - INFO - Completed synchronization. Processed 1/1 devices successfully
2025-07-27 14:10:00,422 - apscheduler.executors.default - INFO - Job "Sync tank data from RTDB to Firestore (trigger: cron[minute='*/10'], next run at: 2025-07-27 14:20:00 IST)" executed successfully
2025-07-27 14:15:01,677 - apscheduler.scheduler - INFO - Scheduler has been shut down
2025-07-27 14:15:01,677 - __main__ - INFO - Scheduler shut down. Exiting application.
2025-07-27 14:15:03,516 - __main__ - INFO - Starting TankLens Data Sync Server
2025-07-27 14:15:03,556 - __main__ - INFO - Firebase initialized successfully
2025-07-27 14:15:03,560 - apscheduler.scheduler - INFO - Adding job tentatively -- it will be properly scheduled when the scheduler starts
2025-07-27 14:15:03,567 - apscheduler.scheduler - INFO - Adding job tentatively -- it will be properly scheduled when the scheduler starts
2025-07-27 14:15:03,567 - apscheduler.scheduler - INFO - Added job "Sync tank data from RTDB to Firestore" to job store "default"
2025-07-27 14:15:03,567 - apscheduler.scheduler - INFO - Added job "Initial tank data sync" to job store "default"
2025-07-27 14:15:03,567 - apscheduler.scheduler - INFO - Scheduler started
2025-07-27 14:15:03,568 - __main__ - INFO - Scheduler started. Synchronization will occur every 10 minutes.
2025-07-27 14:15:03,568 - apscheduler.executors.default - INFO - Running job "Initial tank data sync (trigger: date[2025-07-27 14:15:03 IST], next run at: 2025-07-27 14:15:03 IST)" (scheduled at 2025-07-27 14:15:03.560117+05:30)
2025-07-27 14:15:03,568 - __main__ - INFO - Starting tank data synchronization
2025-07-27 14:15:03,569 - apscheduler.scheduler - INFO - Removed job initial_sync
2025-07-27 14:15:04,080 - __main__ - INFO - Found 1 devices with owner access
2025-07-27 14:15:04,080 - __main__ - INFO - Processing device: DEV_012
2025-07-27 14:15:04,417 - __main__ - INFO - Successfully updated Firestore for device: DEV_012
2025-07-27 14:15:04,417 - __main__ - INFO - Completed synchronization. Processed 1/1 devices successfully
2025-07-27 14:15:04,417 - apscheduler.executors.default - INFO - Job "Initial tank data sync (trigger: date[2025-07-27 14:15:03 IST], next run at: 2025-07-27 14:15:03 IST)" executed successfully
2025-07-27 14:20:00,002 - apscheduler.executors.default - INFO - Running job "Sync tank data from RTDB to Firestore (trigger: cron[minute='*/10'], next run at: 2025-07-27 14:30:00 IST)" (scheduled at 2025-07-27 14:20:00+05:30)
2025-07-27 14:20:00,014 - __main__ - INFO - Starting tank data synchronization
2025-07-27 14:20:00,081 - __main__ - INFO - Found 1 devices with owner access
2025-07-27 14:20:00,081 - __main__ - INFO - Processing device: DEV_012
2025-07-27 14:20:00,402 - __main__ - INFO - Successfully updated Firestore for device: DEV_012
2025-07-27 14:20:00,402 - __main__ - INFO - Completed synchronization. Processed 1/1 devices successfully
2025-07-27 14:20:00,402 - apscheduler.executors.default - INFO - Job "Sync tank data from RTDB to Firestore (trigger: cron[minute='*/10'], next run at: 2025-07-27 14:30:00 IST)" executed successfully
2025-07-27 14:30:00,001 - apscheduler.executors.default - INFO - Running job "Sync tank data from RTDB to Firestore (trigger: cron[minute='*/10'], next run at: 2025-07-27 14:40:00 IST)" (scheduled at 2025-07-27 14:30:00+05:30)
2025-07-27 14:30:00,001 - __main__ - INFO - Starting tank data synchronization
2025-07-27 14:30:00,071 - __main__ - INFO - Found 1 devices with owner access
2025-07-27 14:30:00,071 - __main__ - INFO - Processing device: DEV_012
2025-07-27 14:30:00,651 - __main__ - INFO - Successfully updated Firestore for device: DEV_012
2025-07-27 14:30:00,651 - __main__ - INFO - Completed synchronization. Processed 1/1 devices successfully
2025-07-27 14:30:00,652 - apscheduler.executors.default - INFO - Job "Sync tank data from RTDB to Firestore (trigger: cron[minute='*/10'], next run at: 2025-07-27 14:40:00 IST)" executed successfully
2025-07-27 14:40:00,000 - apscheduler.executors.default - INFO - Running job "Sync tank data from RTDB to Firestore (trigger: cron[minute='*/10'], next run at: 2025-07-27 14:50:00 IST)" (scheduled at 2025-07-27 14:40:00+05:30)
2025-07-27 14:40:00,001 - __main__ - INFO - Starting tank data synchronization
2025-07-27 14:40:00,068 - __main__ - INFO - Found 1 devices with owner access
2025-07-27 14:40:00,068 - __main__ - INFO - Processing device: DEV_012
2025-07-27 14:40:00,506 - __main__ - INFO - Successfully updated Firestore for device: DEV_012
2025-07-27 14:40:00,506 - __main__ - INFO - Completed synchronization. Processed 1/1 devices successfully
2025-07-27 14:40:00,506 - apscheduler.executors.default - INFO - Job "Sync tank data from RTDB to Firestore (trigger: cron[minute='*/10'], next run at: 2025-07-27 14:50:00 IST)" executed successfully
2025-07-27 14:50:00,000 - apscheduler.executors.default - INFO - Running job "Sync tank data from RTDB to Firestore (trigger: cron[minute='*/10'], next run at: 2025-07-27 15:00:00 IST)" (scheduled at 2025-07-27 14:50:00+05:30)
2025-07-27 14:50:00,001 - __main__ - INFO - Starting tank data synchronization
2025-07-27 14:50:00,077 - __main__ - INFO - Found 1 devices with owner access
2025-07-27 14:50:00,077 - __main__ - INFO - Processing device: DEV_012
2025-07-27 14:50:00,527 - __main__ - INFO - Successfully updated Firestore for device: DEV_012
2025-07-27 14:50:00,528 - __main__ - INFO - Completed synchronization. Processed 1/1 devices successfully
2025-07-27 14:50:00,528 - apscheduler.executors.default - INFO - Job "Sync tank data from RTDB to Firestore (trigger: cron[minute='*/10'], next run at: 2025-07-27 15:00:00 IST)" executed successfully
2025-07-27 15:00:00,000 - apscheduler.executors.default - INFO - Running job "Sync tank data from RTDB to Firestore (trigger: cron[minute='*/10'], next run at: 2025-07-27 15:10:00 IST)" (scheduled at 2025-07-27 15:00:00+05:30)
2025-07-27 15:00:00,001 - __main__ - INFO - Starting tank data synchronization
2025-07-27 15:00:00,071 - __main__ - INFO - Found 1 devices with owner access
2025-07-27 15:00:00,071 - __main__ - INFO - Processing device: DEV_012
2025-07-27 15:00:00,398 - __main__ - INFO - Successfully updated Firestore for device: DEV_012
2025-07-27 15:00:00,398 - __main__ - INFO - Completed synchronization. Processed 1/1 devices successfully
2025-07-27 15:00:00,398 - apscheduler.executors.default - INFO - Job "Sync tank data from RTDB to Firestore (trigger: cron[minute='*/10'], next run at: 2025-07-27 15:10:00 IST)" executed successfully
2025-07-27 15:10:00,000 - apscheduler.executors.default - INFO - Running job "Sync tank data from RTDB to Firestore (trigger: cron[minute='*/10'], next run at: 2025-07-27 15:20:00 IST)" (scheduled at 2025-07-27 15:10:00+05:30)
2025-07-27 15:10:00,001 - __main__ - INFO - Starting tank data synchronization
2025-07-27 15:10:00,082 - __main__ - INFO - Found 1 devices with owner access
2025-07-27 15:10:00,082 - __main__ - INFO - Processing device: DEV_012
2025-07-27 15:10:00,574 - __main__ - INFO - Successfully updated Firestore for device: DEV_012
2025-07-27 15:10:00,574 - __main__ - INFO - Completed synchronization. Processed 1/1 devices successfully
2025-07-27 15:10:00,574 - apscheduler.executors.default - INFO - Job "Sync tank data from RTDB to Firestore (trigger: cron[minute='*/10'], next run at: 2025-07-27 15:20:00 IST)" executed successfully
2025-07-27 15:20:00,000 - apscheduler.executors.default - INFO - Running job "Sync tank data from RTDB to Firestore (trigger: cron[minute='*/10'], next run at: 2025-07-27 15:30:00 IST)" (scheduled at 2025-07-27 15:20:00+05:30)
2025-07-27 15:20:00,001 - __main__ - INFO - Starting tank data synchronization
2025-07-27 15:20:00,290 - __main__ - INFO - Found 1 devices with owner access
2025-07-27 15:20:00,290 - __main__ - INFO - Processing device: DEV_012
2025-07-27 15:20:00,699 - __main__ - INFO - Successfully updated Firestore for device: DEV_012
2025-07-27 15:20:00,699 - __main__ - INFO - Completed synchronization. Processed 1/1 devices successfully
2025-07-27 15:20:00,699 - apscheduler.executors.default - INFO - Job "Sync tank data from RTDB to Firestore (trigger: cron[minute='*/10'], next run at: 2025-07-27 15:30:00 IST)" executed successfully
2025-07-27 15:30:00,000 - apscheduler.executors.default - INFO - Running job "Sync tank data from RTDB to Firestore (trigger: cron[minute='*/10'], next run at: 2025-07-27 15:40:00 IST)" (scheduled at 2025-07-27 15:30:00+05:30)
2025-07-27 15:30:00,000 - __main__ - INFO - Starting tank data synchronization
2025-07-27 15:30:00,066 - __main__ - INFO - Found 1 devices with owner access
2025-07-27 15:30:00,066 - __main__ - INFO - Processing device: DEV_012
2025-07-27 15:30:01,610 - __main__ - INFO - Successfully updated Firestore for device: DEV_012
2025-07-27 15:30:01,610 - __main__ - INFO - Completed synchronization. Processed 1/1 devices successfully
2025-07-27 15:30:01,610 - apscheduler.executors.default - INFO - Job "Sync tank data from RTDB to Firestore (trigger: cron[minute='*/10'], next run at: 2025-07-27 15:40:00 IST)" executed successfully
2025-07-27 15:40:00,000 - apscheduler.executors.default - INFO - Running job "Sync tank data from RTDB to Firestore (trigger: cron[minute='*/10'], next run at: 2025-07-27 15:50:00 IST)" (scheduled at 2025-07-27 15:40:00+05:30)
2025-07-27 15:40:00,001 - __main__ - INFO - Starting tank data synchronization
2025-07-27 15:40:00,076 - __main__ - INFO - Found 1 devices with owner access
2025-07-27 15:40:00,076 - __main__ - INFO - Processing device: DEV_012
2025-07-27 15:40:00,456 - __main__ - INFO - Successfully updated Firestore for device: DEV_012
2025-07-27 15:40:00,456 - __main__ - INFO - Completed synchronization. Processed 1/1 devices successfully
2025-07-27 15:40:00,456 - apscheduler.executors.default - INFO - Job "Sync tank data from RTDB to Firestore (trigger: cron[minute='*/10'], next run at: 2025-07-27 15:50:00 IST)" executed successfully
